Determining if the pthread_create exist failed with the following output:
Change Dir: /home/skpeng/startercode5/catkin_ws/build/CMakeFiles/CMakeTmp

Run Build Command:"/usr/bin/make" "cmTC_98228/fast"
/usr/bin/make -f CMakeFiles/cmTC_98228.dir/build.make CMakeFiles/cmTC_98228.dir/build
make[1]: Entering directory '/home/skpeng/startercode5/catkin_ws/build/CMakeFiles/CMakeTmp'
Building C object CMakeFiles/cmTC_98228.dir/CheckSymbolExists.c.o
/usr/bin/cc     -o CMakeFiles/cmTC_98228.dir/CheckSymbolExists.c.o   -c /home/skpeng/startercode5/catkin_ws/build/CMakeFiles/CMakeTmp/CheckSymbolExists.c
Linking C executable cmTC_98228
/usr/bin/cmake -E cmake_link_script CMakeFiles/cmTC_98228.dir/link.txt --verbose=1
/usr/bin/cc       CMakeFiles/cmTC_98228.dir/CheckSymbolExists.c.o  -o cmTC_98228 -rdynamic 
CMakeFiles/cmTC_98228.dir/CheckSymbolExists.c.o: In function `main':
CheckSymbolExists.c:(.text+0x16): undefined reference to `pthread_create'
collect2: error: ld returned 1 exit status
CMakeFiles/cmTC_98228.dir/build.make:97: recipe for target 'cmTC_98228' failed
make[1]: *** [cmTC_98228] Error 1
make[1]: Leaving directory '/home/skpeng/startercode5/catkin_ws/build/CMakeFiles/CMakeTmp'
Makefile:126: recipe for target 'cmTC_98228/fast' failed
make: *** [cmTC_98228/fast] Error 2

File /home/skpeng/startercode5/catkin_ws/build/CMakeFiles/CMakeTmp/CheckSymbolExists.c:
/* */
#include <pthread.h>

int main(int argc, char** argv)
{
  (void)argv;
#ifndef pthread_create
  return ((int*)(&pthread_create))[argc];
#else
  (void)argc;
  return 0;
#endif
}

Determining if the function pthread_create exists in the pthreads failed with the following output:
Change Dir: /home/skpeng/startercode5/catkin_ws/build/CMakeFiles/CMakeTmp

Run Build Command:"/usr/bin/make" "cmTC_3f4a9/fast"
/usr/bin/make -f CMakeFiles/cmTC_3f4a9.dir/build.make CMakeFiles/cmTC_3f4a9.dir/build
make[1]: Entering directory '/home/skpeng/startercode5/catkin_ws/build/CMakeFiles/CMakeTmp'
Building C object CMakeFiles/cmTC_3f4a9.dir/CheckFunctionExists.c.o
/usr/bin/cc    -DCHECK_FUNCTION_EXISTS=pthread_create   -o CMakeFiles/cmTC_3f4a9.dir/CheckFunctionExists.c.o   -c /usr/share/cmake-3.5/Modules/CheckFunctionExists.c
Linking C executable cmTC_3f4a9
/usr/bin/cmake -E cmake_link_script CMakeFiles/cmTC_3f4a9.dir/link.txt --verbose=1
/usr/bin/cc   -DCHECK_FUNCTION_EXISTS=pthread_create    CMakeFiles/cmTC_3f4a9.dir/CheckFunctionExists.c.o  -o cmTC_3f4a9 -rdynamic -lpthreads 
/usr/bin/ld: cannot find -lpthreads
collect2: error: ld returned 1 exit status
CMakeFiles/cmTC_3f4a9.dir/build.make:97: recipe for target 'cmTC_3f4a9' failed
make[1]: *** [cmTC_3f4a9] Error 1
make[1]: Leaving directory '/home/skpeng/startercode5/catkin_ws/build/CMakeFiles/CMakeTmp'
Makefile:126: recipe for target 'cmTC_3f4a9/fast' failed
make: *** [cmTC_3f4a9/fast] Error 2


