ROSCORE: ... logging to /home/ccc_v1_w_00ea0_41885/asn12768_Project_3/asn12769_Project_3/work/.ros/log/414a0afc-3a40-11e7-9316-06b0869cc04d/roslaunch-ip-172-31-26-229-9639.log
ROSCORE: Checking log directory for disk usage. This may take awhile.
ROSCORE: Press Ctrl-C to interrupt
ROSCORE: Done checking log file disk usage. Usage is <1GB.
ROSCORE: ]2;roscore
ROSCORE: [1mstarted roslaunch server http://ip-172-31-26-229:42180/[0m
ROSCORE: ros_comm version 1.11.20
ROSCORE: 
ROSCORE: 
ROSCORE: SUMMARY
ROSCORE: ========
ROSCORE: 
ROSCORE: PARAMETERS
ROSCORE:  * /rosdistro: indigo
ROSCORE:  * /rosversion: 1.11.20
ROSCORE: 
ROSCORE: NODES
ROSCORE: 
ROSCORE: auto-starting new master
ROSCORE: [1mprocess[master]: started with pid [9655][0m
ROSCORE: [1mROS_MASTER_URI=http://ip-172-31-26-229:39030/[0m
ROSCORE: ]2;roscore http://ip-172-31-26-229:39030/
ROSCORE: [1msetting /run_id to 414a0afc-3a40-11e7-9316-06b0869cc04d[0m
ROSCORE: [1mprocess[rosout-1]: started with pid [9668][0m
ROSCORE: started core service [/rosout]
BR: Port for WebSocketServer: 46802
BR: Running cmd: roslaunch rosbridge_server rosbridge_websocket.launch port:=46802
BR: ... logging to /home/ccc_v1_w_00ea0_41885/asn12768_Project_3/asn12769_Project_3/work/.ros/log/414a0afc-3a40-11e7-9316-06b0869cc04d/roslaunch-ip-172-31-26-229-9749.log
BR: Checking log directory for disk usage. This may take awhile.
BR: Press Ctrl-C to interrupt
BR: Done checking log file disk usage. Usage is <1GB.
BR: ]2;/opt/ros/indigo/share/rosbridge_server/launch/rosbridge_websocket.launch
BR: [1mstarted roslaunch server http://ip-172-31-26-229:56209/[0m
BR: 
BR: SUMMARY
BR: ========
BR: 
BR: PARAMETERS
BR:  * /rosbridge_websocket/address: 
BR:  * /rosbridge_websocket/authenticate: False
BR:  * /rosbridge_websocket/delay_between_messages: 0
BR:  * /rosbridge_websocket/fragment_timeout: 600
BR:  * /rosbridge_websocket/max_message_size: None
BR:  * /rosbridge_websocket/port: 46802
BR:  * /rosbridge_websocket/retry_startup_delay: 5
BR:  * /rosdistro: indigo
BR:  * /rosversion: 1.11.20
BR: 
BR: NODES
BR:   /
BR:     rosapi (rosapi/rosapi_node)
BR:     rosbridge_websocket (rosbridge_server/rosbridge_websocket)
BR: 
BR: [1mROS_MASTER_URI=http://localhost:39030[0m
BR: ]2;/opt/ros/indigo/share/rosbridge_server/launch/rosbridge_websocket.launch http://localhost:39030
BR: core service [/rosout] found
BR: [1mprocess[rosbridge_websocket-1]: started with pid [9823][0m
BR: [1mprocess[rosapi-2]: started with pid [9828][0m
KUKA: [0m[ INFO] [1494943333.256959502]: Robot model read with 7 non-fixed joints.[0m
KUKA: [0m[ INFO] [1494943333.290991721]: Simulated robot spinning[0m
BR: registered capabilities (classes):
BR:  - rosbridge_library.capabilities.call_service.CallService
BR:  - rosbridge_library.capabilities.advertise.Advertise
BR:  - rosbridge_library.capabilities.publish.Publish
BR:  - rosbridge_library.capabilities.subscribe.Subscribe
BR:  - <class 'rosbridge_library.capabilities.defragmentation.Defragment'>
BR:  - rosbridge_library.capabilities.advertise_service.AdvertiseService
BR:  - rosbridge_library.capabilities.service_response.ServiceResponse
BR:  - rosbridge_library.capabilities.unadvertise_service.UnadvertiseService
BR: the rosdep view is empty: call 'sudo rosdep init' and 'rosdep update'
BR: [INFO] [WallTime: 1494943333.716775] Rosbridge WebSocket server started on port 46802
BR: [INFO] [WallTime: 1494943348.585828] Client connected.  1 clients total.
BR: the rosdep view is empty: call 'sudo rosdep init' and 'rosdep update'
BR: [INFO] [WallTime: 1494943348.927442] [Client 0] Subscribed to /tf2_web_republisher/feedback
BR: [INFO] [WallTime: 1494943348.948959] [Client 0] Subscribed to /ping
