ROSCORE: ... logging to /home/ccc_v1_w_00ea0_41885/asn12663_Vocareum_Proxy_Project_2_-1/asn12664_Project_2/work/.ros/log/a29c52c4-2faf-11e7-9b3b-06b0869cc04d/roslaunch-ip-172-31-26-229-12896.log
ROSCORE: Checking log directory for disk usage. This may take awhile.
ROSCORE: Press Ctrl-C to interrupt
ROSCORE: Done checking log file disk usage. Usage is <1GB.
ROSCORE: ]2;roscore
ROSCORE: [1mstarted roslaunch server http://ip-172-31-26-229:60443/[0m
ROSCORE: ros_comm version 1.11.20
ROSCORE: 
ROSCORE: 
ROSCORE: SUMMARY
ROSCORE: ========
ROSCORE: 
ROSCORE: PARAMETERS
ROSCORE:  * /rosdistro: indigo
ROSCORE:  * /rosversion: 1.11.20
ROSCORE: 
ROSCORE: NODES
ROSCORE: 
ROSCORE: auto-starting new master
ROSCORE: [1mprocess[master]: started with pid [12912][0m
ROSCORE: [1mROS_MASTER_URI=http://ip-172-31-26-229:46083/[0m
ROSCORE: ]2;roscore http://ip-172-31-26-229:46083/
ROSCORE: [1msetting /run_id to a29c52c4-2faf-11e7-9b3b-06b0869cc04d[0m
ROSCORE: [1mprocess[rosout-1]: started with pid [12925][0m
ROSCORE: started core service [/rosout]
BR: Port for WebSocketServer: 46110
BR: Running cmd: roslaunch rosbridge_server rosbridge_websocket.launch port:=46110
BR: ... logging to /home/ccc_v1_w_00ea0_41885/asn12663_Vocareum_Proxy_Project_2_-1/asn12664_Project_2/work/.ros/log/a29c52c4-2faf-11e7-9b3b-06b0869cc04d/roslaunch-ip-172-31-26-229-13004.log
BR: Checking log directory for disk usage. This may take awhile.
BR: Press Ctrl-C to interrupt
BR: Done checking log file disk usage. Usage is <1GB.
BR: ]2;/opt/ros/indigo/share/rosbridge_server/launch/rosbridge_websocket.launch
BR: [1mstarted roslaunch server http://ip-172-31-26-229:42546/[0m
BR: 
BR: SUMMARY
BR: ========
BR: 
BR: PARAMETERS
BR:  * /rosbridge_websocket/address: 
BR:  * /rosbridge_websocket/authenticate: False
BR:  * /rosbridge_websocket/delay_between_messages: 0
BR:  * /rosbridge_websocket/fragment_timeout: 600
BR:  * /rosbridge_websocket/max_message_size: None
BR:  * /rosbridge_websocket/port: 46110
BR:  * /rosbridge_websocket/retry_startup_delay: 5
BR:  * /rosdistro: indigo
BR:  * /rosversion: 1.11.20
BR: 
BR: NODES
BR:   /
BR:     rosapi (rosapi/rosapi_node)
BR:     rosbridge_websocket (rosbridge_server/rosbridge_websocket)
BR: 
BR: [1mROS_MASTER_URI=http://localhost:46083[0m
BR: ]2;/opt/ros/indigo/share/rosbridge_server/launch/rosbridge_websocket.launch http://localhost:46083
BR: core service [/rosout] found
BR: [1mprocess[rosbridge_websocket-1]: started with pid [13077][0m
BR: [1mprocess[rosapi-2]: started with pid [13078][0m
BR: registered capabilities (classes):
BR:  - rosbridge_library.capabilities.call_service.CallService
BR:  - rosbridge_library.capabilities.advertise.Advertise
BR:  - rosbridge_library.capabilities.publish.Publish
BR:  - rosbridge_library.capabilities.subscribe.Subscribe
BR:  - <class 'rosbridge_library.capabilities.defragmentation.Defragment'>
BR:  - rosbridge_library.capabilities.advertise_service.AdvertiseService
BR:  - rosbridge_library.capabilities.service_response.ServiceResponse
BR:  - rosbridge_library.capabilities.unadvertise_service.UnadvertiseService
BR: the rosdep view is empty: call 'sudo rosdep init' and 'rosdep update'
BR: [INFO] [WallTime: 1493781708.247081] Rosbridge WebSocket server started on port 46110
BR: [INFO] [WallTime: 1493781725.910134] Client connected.  1 clients total.
BR: the rosdep view is empty: call 'sudo rosdep init' and 'rosdep update'
BR: [INFO] [WallTime: 1493781726.192015] [Client 0] Subscribed to /tf2_web_republisher/feedback
BR: [INFO] [WallTime: 1493781726.205011] [Client 0] Subscribed to /visualization_marker
