Determining if the pthread_create exist failed with the following output:
Change Dir: /home/ccc_v1_w_00ea0_41885/asn12663_Vocareum_Proxy_Project_2_-1/asn12664_Project_2/work/catkin_ws/build/CMakeFiles/CMakeTmp

Run Build Command:/usr/bin/make "cmTryCompileExec441069101/fast"
/usr/bin/make -f CMakeFiles/cmTryCompileExec441069101.dir/build.make CMakeFiles/cmTryCompileExec441069101.dir/build
make[1]: Entering directory `/home/ccc_v1_w_00ea0_41885/asn12663_Vocareum_Proxy_Project_2_-1/asn12664_Project_2/work/catkin_ws/build/CMakeFiles/CMakeTmp'
/usr/bin/cmake -E cmake_progress_report /home/ccc_v1_w_00ea0_41885/asn12663_Vocareum_Proxy_Project_2_-1/asn12664_Project_2/work/catkin_ws/build/CMakeFiles/CMakeTmp/CMakeFiles 1
Building C object CMakeFiles/cmTryCompileExec441069101.dir/CheckSymbolExists.c.o
/usr/bin/cc    -o CMakeFiles/cmTryCompileExec441069101.dir/CheckSymbolExists.c.o   -c /home/ccc_v1_w_00ea0_41885/asn12663_Vocareum_Proxy_Project_2_-1/asn12664_Project_2/work/catkin_ws/build/CMakeFiles/CMakeTmp/CheckSymbolExists.c
Linking C executable cmTryCompileExec441069101
/usr/bin/cmake -E cmake_link_script CMakeFiles/cmTryCompileExec441069101.dir/link.txt --verbose=1
/usr/bin/cc       CMakeFiles/cmTryCompileExec441069101.dir/CheckSymbolExists.c.o  -o cmTryCompileExec441069101 -rdynamic 
CMakeFiles/cmTryCompileExec441069101.dir/CheckSymbolExists.c.o: In function `main':
CheckSymbolExists.c:(.text+0x16): undefined reference to `pthread_create'
collect2: error: ld returned 1 exit status
make[1]: *** [cmTryCompileExec441069101] Error 1
make[1]: Leaving directory `/home/ccc_v1_w_00ea0_41885/asn12663_Vocareum_Proxy_Project_2_-1/asn12664_Project_2/work/catkin_ws/build/CMakeFiles/CMakeTmp'
make: *** [cmTryCompileExec441069101/fast] Error 2

File /home/ccc_v1_w_00ea0_41885/asn12663_Vocareum_Proxy_Project_2_-1/asn12664_Project_2/work/catkin_ws/build/CMakeFiles/CMakeTmp/CheckSymbolExists.c:
/* */
#include <pthread.h>

int main(int argc, char** argv)
{
  (void)argv;
#ifndef pthread_create
  return ((int*)(&pthread_create))[argc];
#else
  (void)argc;
  return 0;
#endif
}

Determining if the function pthread_create exists in the pthreads failed with the following output:
Change Dir: /home/ccc_v1_w_00ea0_41885/asn12663_Vocareum_Proxy_Project_2_-1/asn12664_Project_2/work/catkin_ws/build/CMakeFiles/CMakeTmp

Run Build Command:/usr/bin/make "cmTryCompileExec472739648/fast"
/usr/bin/make -f CMakeFiles/cmTryCompileExec472739648.dir/build.make CMakeFiles/cmTryCompileExec472739648.dir/build
make[1]: Entering directory `/home/ccc_v1_w_00ea0_41885/asn12663_Vocareum_Proxy_Project_2_-1/asn12664_Project_2/work/catkin_ws/build/CMakeFiles/CMakeTmp'
/usr/bin/cmake -E cmake_progress_report /home/ccc_v1_w_00ea0_41885/asn12663_Vocareum_Proxy_Project_2_-1/asn12664_Project_2/work/catkin_ws/build/CMakeFiles/CMakeTmp/CMakeFiles 1
Building C object CMakeFiles/cmTryCompileExec472739648.dir/CheckFunctionExists.c.o
/usr/bin/cc   -DCHECK_FUNCTION_EXISTS=pthread_create   -o CMakeFiles/cmTryCompileExec472739648.dir/CheckFunctionExists.c.o   -c /usr/share/cmake-2.8/Modules/CheckFunctionExists.c
Linking C executable cmTryCompileExec472739648
/usr/bin/cmake -E cmake_link_script CMakeFiles/cmTryCompileExec472739648.dir/link.txt --verbose=1
/usr/bin/cc   -DCHECK_FUNCTION_EXISTS=pthread_create    CMakeFiles/cmTryCompileExec472739648.dir/CheckFunctionExists.c.o  -o cmTryCompileExec472739648 -rdynamic -lpthreads 
/usr/bin/ld: cannot find -lpthreads
collect2: error: ld returned 1 exit status
make[1]: *** [cmTryCompileExec472739648] Error 1
make[1]: Leaving directory `/home/ccc_v1_w_00ea0_41885/asn12663_Vocareum_Proxy_Project_2_-1/asn12664_Project_2/work/catkin_ws/build/CMakeFiles/CMakeTmp'
make: *** [cmTryCompileExec472739648/fast] Error 2


